Warning: ignoring unsupported tag `ALLOW_UNICODE_NAMES    =' at line 79, file /home/travis/build/AIGregor/OTUS-HW-EDIT/Doxyfile
Warning: ignoring unsupported tag `TOC_INCLUDE_HEADINGS   =' at line 313, file /home/travis/build/AIGregor/OTUS-HW-EDIT/Doxyfile
Warning: ignoring unsupported tag `GROUP_NESTED_COMPOUNDS =' at line 370, file /home/travis/build/AIGregor/OTUS-HW-EDIT/Doxyfile
Warning: ignoring unsupported tag `HIDE_COMPOUND_REFERENCE=' at line 541, file /home/travis/build/AIGregor/OTUS-HW-EDIT/Doxyfile
Warning: ignoring unsupported tag `WARN_AS_ERROR          =' at line 765, file /home/travis/build/AIGregor/OTUS-HW-EDIT/Doxyfile
Warning: Tag `CLANG_ASSISTED_PARSING' at line 1082 of file /home/travis/build/AIGregor/OTUS-HW-EDIT/Doxyfile belongs to an option that was not enabled at compile time.
To avoid this warning please remove this line from your configuration file, upgrade it using "doxygen -u", or recompile doxygen with this feature enabled.
Warning: Tag `CLANG_OPTIONS' at line 1090 of file /home/travis/build/AIGregor/OTUS-HW-EDIT/Doxyfile belongs to an option that was not enabled at compile time.
To avoid this warning please remove this line from your configuration file, upgrade it using "doxygen -u", or recompile doxygen with this feature enabled.
Warning: ignoring unsupported tag `CLANG_COMPILATION_DATABASE_PATH=' at line 1101, file /home/travis/build/AIGregor/OTUS-HW-EDIT/Doxyfile
Warning: ignoring unsupported tag `HTML_DYNAMIC_MENUS     =' at line 1266, file /home/travis/build/AIGregor/OTUS-HW-EDIT/Doxyfile
Warning: ignoring unsupported tag `LATEX_EXTRA_STYLESHEET =' at line 1781, file /home/travis/build/AIGregor/OTUS-HW-EDIT/Doxyfile
Warning: ignoring unsupported tag `LATEX_TIMESTAMP        =' at line 1848, file /home/travis/build/AIGregor/OTUS-HW-EDIT/Doxyfile
Warning: ignoring unsupported tag `RTF_SOURCE_CODE        =' at line 1914, file /home/travis/build/AIGregor/OTUS-HW-EDIT/Doxyfile
Warning: ignoring unsupported tag `MAN_SUBDIR             =' at line 1949, file /home/travis/build/AIGregor/OTUS-HW-EDIT/Doxyfile
Warning: ignoring unsupported tag `DOCBOOK_PROGRAMLISTING =' at line 2012, file /home/travis/build/AIGregor/OTUS-HW-EDIT/Doxyfile
Warning: ignoring unsupported tag `PLANTUML_JAR_PATH      =' at line 2441, file /home/travis/build/AIGregor/OTUS-HW-EDIT/Doxyfile
Warning: ignoring unsupported tag `PLANTUML_CFG_FILE      =' at line 2446, file /home/travis/build/AIGregor/OTUS-HW-EDIT/Doxyfile
Warning: ignoring unsupported tag `PLANTUML_INCLUDE_PATH  =' at line 2451, file /home/travis/build/AIGregor/OTUS-HW-EDIT/Doxyfile
Searching for include files...
Searching for example files...
Searching for images...
Searching for dot files...
Searching for msc files...
Searching for dia files...
Searching for files to exclude
Searching for files to process...
Searching for files in directory /home/travis/build/AIGregor/OTUS-HW-EDIT
Searching for files in directory /home/travis/build/AIGregor/OTUS-HW-EDIT/CMakeFiles
Searching for files in directory /home/travis/build/AIGregor/OTUS-HW-EDIT/CMakeFiles/3.9.2
Searching for files in directory /home/travis/build/AIGregor/OTUS-HW-EDIT/CMakeFiles/3.9.2/CompilerIdC
Searching for files in directory /home/travis/build/AIGregor/OTUS-HW-EDIT/CMakeFiles/3.9.2/CompilerIdC/tmp
Searching for files in directory /home/travis/build/AIGregor/OTUS-HW-EDIT/CMakeFiles/3.9.2/CompilerIdCXX
Searching for files in directory /home/travis/build/AIGregor/OTUS-HW-EDIT/CMakeFiles/3.9.2/CompilerIdCXX/tmp
Searching for files in directory /home/travis/build/AIGregor/OTUS-HW-EDIT/CMakeFiles/CMakeTmp
Searching for files in directory /home/travis/build/AIGregor/OTUS-HW-EDIT/CMakeFiles/hw_editor_cli.dir
Searching for files in directory /home/travis/build/AIGregor/OTUS-HW-EDIT/CMakeFiles/hw_editor_cli.dir/src
Searching for files in directory /home/travis/build/AIGregor/OTUS-HW-EDIT/code_docs
Searching for files in directory /home/travis/build/AIGregor/OTUS-HW-EDIT/code_docs/OTUS-HW-EDIT
Searching for files in directory /home/travis/build/AIGregor/OTUS-HW-EDIT/include
Searching for files in directory /home/travis/build/AIGregor/OTUS-HW-EDIT/src
Reading and parsing tag files
Parsing files
Preprocessing /home/travis/build/AIGregor/OTUS-HW-EDIT/CMakeFiles/3.9.2/CompilerIdC/CMakeCCompilerId.c...
Parsing file /home/travis/build/AIGregor/OTUS-HW-EDIT/CMakeFiles/3.9.2/CompilerIdC/CMakeCCompilerId.c...
Preprocessing /home/travis/build/AIGregor/OTUS-HW-EDIT/CMakeFiles/3.9.2/CompilerIdCXX/CMakeCXXCompilerId.cpp...
Parsing file /home/travis/build/AIGregor/OTUS-HW-EDIT/CMakeFiles/3.9.2/CompilerIdCXX/CMakeCXXCompilerId.cpp...
Preprocessing /home/travis/build/AIGregor/OTUS-HW-EDIT/CMakeFiles/feature_tests.c...
Parsing file /home/travis/build/AIGregor/OTUS-HW-EDIT/CMakeFiles/feature_tests.c...
Preprocessing /home/travis/build/AIGregor/OTUS-HW-EDIT/CMakeFiles/feature_tests.cxx...
Parsing file /home/travis/build/AIGregor/OTUS-HW-EDIT/CMakeFiles/feature_tests.cxx...
Preprocessing /home/travis/build/AIGregor/OTUS-HW-EDIT/include/Canva.h...
Parsing file /home/travis/build/AIGregor/OTUS-HW-EDIT/include/Canva.h...
Preprocessing /home/travis/build/AIGregor/OTUS-HW-EDIT/include/Model.h...
Parsing file /home/travis/build/AIGregor/OTUS-HW-EDIT/include/Model.h...
Preprocessing /home/travis/build/AIGregor/OTUS-HW-EDIT/include/Tool.h...
Parsing file /home/travis/build/AIGregor/OTUS-HW-EDIT/include/Tool.h...
Preprocessing /home/travis/build/AIGregor/OTUS-HW-EDIT/include/Visualizer.h...
Parsing file /home/travis/build/AIGregor/OTUS-HW-EDIT/include/Visualizer.h...
Preprocessing /home/travis/build/AIGregor/OTUS-HW-EDIT/src/Canva.cpp...
Parsing file /home/travis/build/AIGregor/OTUS-HW-EDIT/src/Canva.cpp...
Preprocessing /home/travis/build/AIGregor/OTUS-HW-EDIT/src/main.cpp...
Parsing file /home/travis/build/AIGregor/OTUS-HW-EDIT/src/main.cpp...
Preprocessing /home/travis/build/AIGregor/OTUS-HW-EDIT/src/Model.cpp...
Parsing file /home/travis/build/AIGregor/OTUS-HW-EDIT/src/Model.cpp...
Preprocessing /home/travis/build/AIGregor/OTUS-HW-EDIT/src/Tool.cpp...
Parsing file /home/travis/build/AIGregor/OTUS-HW-EDIT/src/Tool.cpp...
Preprocessing /home/travis/build/AIGregor/OTUS-HW-EDIT/src/Visualizer.cpp...
Parsing file /home/travis/build/AIGregor/OTUS-HW-EDIT/src/Visualizer.cpp...
Building group list...
Building directory list...
Building namespace list...
Building file list...
Building class list...
Associating documentation with classes...
Computing nesting relations for classes...
Building example list...
Searching for enumerations...
Searching for documented typedefs...
Searching for members imported via using declarations...
Searching for included using directives...
Searching for documented variables...
Building interface member list...
Building member list...
Searching for friends...
Searching for documented defines...
Computing class inheritance relations...
Computing class usage relations...
Flushing cached template relations that have become invalid...
Creating members for template instances...
Computing class relations...
Add enum values to enums...
Searching for member function documentation...
Building page list...
Search for main page...
Computing page relations...
Determining the scope of groups...
Sorting lists...
Freeing entry tree
Determining which enums are documented
Computing member relations...
Building full member lists recursively...
Adding members to member groups.
Computing member references...
Inheriting documentation...
Generating disk names...
Adding source references...
Adding xrefitems...
Sorting member lists...
Computing dependencies between directories...
Generating citations page...
Counting data structures...
Resolving user defined references...
Finding anchors and sections in the documentation...
Transferring function references...
Combining using relations...
Adding members to index pages...
Generating style sheet...
Generating search indices...
Generating example documentation...
Generating file sources...
Parsing code for file /home/travis/build/AIGregor/OTUS-HW-EDIT/CMakeFiles/3.9.2/CompilerIdC/CMakeCCompilerId.c...
Parsing code for file /home/travis/build/AIGregor/OTUS-HW-EDIT/CMakeFiles/3.9.2/CompilerIdCXX/CMakeCXXCompilerId.cpp...
Parsing code for file /home/travis/build/AIGregor/OTUS-HW-EDIT/CMakeFiles/feature_tests.c...
Parsing code for file /home/travis/build/AIGregor/OTUS-HW-EDIT/CMakeFiles/feature_tests.cxx...
Generating code for file /home/travis/build/AIGregor/OTUS-HW-EDIT/include/Canva.h...
Generating code for file /home/travis/build/AIGregor/OTUS-HW-EDIT/include/Model.h...
Generating code for file /home/travis/build/AIGregor/OTUS-HW-EDIT/include/Tool.h...
Generating code for file /home/travis/build/AIGregor/OTUS-HW-EDIT/include/Visualizer.h...
Parsing code for file /home/travis/build/AIGregor/OTUS-HW-EDIT/src/Canva.cpp...
Parsing code for file /home/travis/build/AIGregor/OTUS-HW-EDIT/src/main.cpp...
Parsing code for file /home/travis/build/AIGregor/OTUS-HW-EDIT/src/Model.cpp...
Parsing code for file /home/travis/build/AIGregor/OTUS-HW-EDIT/src/Tool.cpp...
Parsing code for file /home/travis/build/AIGregor/OTUS-HW-EDIT/src/Visualizer.cpp...
Generating file documentation...
Generating docs for file /home/travis/build/AIGregor/OTUS-HW-EDIT/CMakeFiles/3.9.2/CompilerIdC/CMakeCCompilerId.c...
Generating docs for file /home/travis/build/AIGregor/OTUS-HW-EDIT/CMakeFiles/3.9.2/CompilerIdCXX/CMakeCXXCompilerId.cpp...
Generating docs for file /home/travis/build/AIGregor/OTUS-HW-EDIT/CMakeFiles/feature_tests.c...
Generating docs for file /home/travis/build/AIGregor/OTUS-HW-EDIT/CMakeFiles/feature_tests.cxx...
Generating docs for file /home/travis/build/AIGregor/OTUS-HW-EDIT/include/Canva.h...
Generating docs for file /home/travis/build/AIGregor/OTUS-HW-EDIT/include/Model.h...
Generating docs for file /home/travis/build/AIGregor/OTUS-HW-EDIT/include/Tool.h...
Generating docs for file /home/travis/build/AIGregor/OTUS-HW-EDIT/include/Visualizer.h...
Generating docs for file /home/travis/build/AIGregor/OTUS-HW-EDIT/src/Canva.cpp...
Generating docs for file /home/travis/build/AIGregor/OTUS-HW-EDIT/src/main.cpp...
Generating call graph for function main
Generating docs for file /home/travis/build/AIGregor/OTUS-HW-EDIT/src/Model.cpp...
Generating docs for file /home/travis/build/AIGregor/OTUS-HW-EDIT/src/Tool.cpp...
Generating docs for file /home/travis/build/AIGregor/OTUS-HW-EDIT/src/Visualizer.cpp...
Generating page documentation...
Generating group documentation...
Generating class documentation...
Generating docs for compound Contour...
Generating docs for compound GrafDocument...
Generating docs for compound Observable...
Generating caller graph for function Observable::addObserver
Generating docs for compound Observer...
Generating docs for compound Point2D...
Generating docs for compound Tool...
Generating caller graph for function Tool::CreateLine
Generating docs for compound Visualizer...
Generating call graph for function Visualizer::Visualizer
Generating namespace index...
Generating graph info page...
Generating directory documentation...
Generating dependency graph for directory /home/travis/build/AIGregor/OTUS-HW-EDIT/CMakeFiles/3.9.2
Generating dependency graph for directory /home/travis/build/AIGregor/OTUS-HW-EDIT/CMakeFiles
Generating dependency graph for directory /home/travis/build/AIGregor/OTUS-HW-EDIT/CMakeFiles/3.9.2/CompilerIdC
Generating dependency graph for directory /home/travis/build/AIGregor/OTUS-HW-EDIT/CMakeFiles/3.9.2/CompilerIdCXX
Generating dependency graph for directory /home/travis/build/AIGregor/OTUS-HW-EDIT/include
Generating dependency graph for directory /home/travis/build/AIGregor/OTUS-HW-EDIT/src
Generating index page...
Generating page index...
Generating module index...
Generating namespace index...
Generating namespace member index...
Generating annotated compound index...
Generating alphabetical compound index...
Generating hierarchical class index...
Generating graphical class hierarchy...
Generating member index...
Generating file index...
Generating file member index...
Generating example index...
finalizing index lists...
Running dot...
Generating dot graphs using 49 parallel threads...
Running dot for graph 1/37
Running dot for graph 2/37
Running dot for graph 3/37
Running dot for graph 4/37
Running dot for graph 5/37
Running dot for graph 6/37
Running dot for graph 7/37
Running dot for graph 8/37
Running dot for graph 9/37
Running dot for graph 10/37
Running dot for graph 11/37
Running dot for graph 12/37
Running dot for graph 13/37
Running dot for graph 14/37
Running dot for graph 15/37
Running dot for graph 16/37
Running dot for graph 17/37
Running dot for graph 18/37
Running dot for graph 19/37
Running dot for graph 20/37
Running dot for graph 21/37
Running dot for graph 22/37
Running dot for graph 23/37
Running dot for graph 24/37
Running dot for graph 25/37
Running dot for graph 26/37
Running dot for graph 27/37
Running dot for graph 28/37
Running dot for graph 29/37
Running dot for graph 30/37
Running dot for graph 31/37
Running dot for graph 32/37
Running dot for graph 33/37
Running dot for graph 34/37
Running dot for graph 35/37
Running dot for graph 36/37
Running dot for graph 37/37
Patching output file 1/21
Patching output file 2/21
Patching output file 3/21
Patching output file 4/21
Patching output file 5/21
Patching output file 6/21
Patching output file 7/21
Patching output file 8/21
Patching output file 9/21
Patching output file 10/21
Patching output file 11/21
Patching output file 12/21
Patching output file 13/21
Patching output file 14/21
Patching output file 15/21
Patching output file 16/21
Patching output file 17/21
Patching output file 18/21
Patching output file 19/21
Patching output file 20/21
Patching output file 21/21
lookup cache used 91/65536 hits=397 misses=95
finished...
